<?xml version="1.0" encoding="UTF-8"?>
<coverage generated="1771993554091" clover="3.2.0">
  <project timestamp="1771993554092" name="All files">
    <metrics statements="10" coveredstatements="0" conditionals="3" coveredconditionals="0" methods="2" coveredmethods="0" elements="15" coveredelements="0" complexity="0" loc="10" ncloc="10" packages="1" files="1" classes="1"/>
    <file name="script.js" path="C:\Users\diego\Documents\TXST CS\CS3398\main_application\script.js">
      <metrics statements="10" coveredstatements="0" conditionals="3" coveredconditionals="0" methods="2" coveredmethods="0"/>
      <line num="25" count="0" type="stmt"/>
      <line num="27" count="0" type="stmt"/>
      <line num="30" count="0" type="stmt"/>
      <line num="31" count="0" type="cond" truecount="0" falsecount="2"/>
      <line num="35" count="0" type="stmt"/>
      <line num="36" count="0" type="stmt"/>
      <line num="38" count="0" type="stmt"/>
      <line num="47" count="0" type="stmt"/>
      <line num="48" count="0" type="stmt"/>
      <line num="50" count="0" type="stmt"/>
    </file>
  </project>
</coverage>
