{"C:\\Users\\diego\\Documents\\TXST CS\\CS3398\\main_application\\script.js": {"path":"C:\\Users\\diego\\Documents\\TXST CS\\CS3398\\main_application\\script.js","statementMap":{"0":{"start":{"line":25,"column":17},"end":{"line":25,"column":40}},"1":{"start":{"line":27,"column":16},"end":{"line":27,"column":18}},"2":{"start":{"line":30,"column":2},"end":{"line":51,"column":3}},"3":{"start":{"line":31,"column":16},"end":{"line":33,"column":31}},"4":{"start":{"line":35,"column":21},"end":{"line":35,"column":37}},"5":{"start":{"line":36,"column":17},"end":{"line":36,"column":38}},"6":{"start":{"line":38,"column":4},"end":{"line":45,"column":8}},"7":{"start":{"line":38,"column":38},"end":{"line":45,"column":5}},"8":{"start":{"line":47,"column":4},"end":{"line":47,"column":48}},"9":{"start":{"line":48,"column":4},"end":{"line":48,"column":21}},"10":{"start":{"line":50,"column":4},"end":{"line":50,"column":54}}},"fnMap":{"0":{"name":"loadExercises","decl":{"start":{"line":29,"column":15},"end":{"line":29,"column":28}},"loc":{"start":{"line":29,"column":46},"end":{"line":52,"column":1}},"line":29},"1":{"name":"(anonymous_1)","decl":{"start":{"line":38,"column":25},"end":{"line":38,"column":26}},"loc":{"start":{"line":38,"column":38},"end":{"line":45,"column":5}},"line":38}},"branchMap":{"0":{"loc":{"start":{"line":29,"column":29},"end":{"line":29,"column":44}},"type":"default-arg","locations":[{"start":{"line":29,"column":40},"end":{"line":29,"column":44}}],"line":29},"1":{"loc":{"start":{"line":31,"column":16},"end":{"line":33,"column":31}},"type":"cond-expr","locations":[{"start":{"line":32,"column":8},"end":{"line":32,"column":52}},{"start":{"line":33,"column":8},"end":{"line":33,"column":31}}],"line":31}},"s":{"0":0,"1":0,"2":0,"3":0,"4":0,"5":0,"6":0,"7":0,"8":0,"9":0,"10":0},"f":{"0":0,"1":0},"b":{"0":[0],"1":[0,0]}}
}
